<?xml version="1.0" encoding="UTF-8"?>
<!-- Generated by org.testng.reporters.JUnitReportReporter -->
<testsuite hostname="DESKTOP-5IRD1VN" failures="0" tests="1" name="testcase.TC3" time="4.104" errors="0" timestamp="2024-02-07T11:33:45 IST" skipped="0">
  <testcase classname="testcase.TC3" name="thirdcase" time="4.104"/>
</testsuite> <!-- testcase.TC3 -->
