<?xml version="1.0" encoding="UTF-8"?>
<!-- Generated by org.testng.reporters.JUnitReportReporter -->
<testsuite hostname="DESKTOP-5IRD1VN" failures="0" tests="1" name="testcase.TC1" time="15.195" errors="0" timestamp="2024-02-07T11:33:45 IST" skipped="0">
  <testcase classname="testcase.TC1" name="makemytrip" time="15.195"/>
</testsuite> <!-- testcase.TC1 -->
